<?xml version="1.0" encoding="UTF-8"?>
<!-- Generated by org.testng.reporters.JUnitXMLReporter -->
<testsuite hostname="Parvez-Home" ignored="0" name="Default test" tests="3" failures="0" timestamp="20 Apr 2018 14:43:23 GMT" time="2.542" errors="0">
  <testcase name="postTweet" time="1.458" classname="com.restapi.statuses.EndToEnd"/>
  <testcase name="readTweet" time="0.396" classname="com.restapi.statuses.EndToEnd"/>
  <testcase name="deleteATweet" time="0.306" classname="com.restapi.statuses.EndToEnd"/>
</testsuite> <!-- Default test -->
