<?xml version="1.0" encoding="UTF-8"?>
<!-- Generated by org.testng.reporters.JUnitXMLReporter -->
<testsuite hostname="Parvez-Home" ignored="0" name="RestAssured Test" tests="6" failures="0" timestamp="20 Apr 2018 15:14:53 GMT" time="3.939" errors="0">
  <testcase name="readTweets" time="1.619" classname="com.restapi.statuses.UserTimeLineTest"/>
  <testcase name="postTweet" time="0.479" classname="com.restapi.statuses.EndToEnd"/>
  <testcase name="readTweet" time="0.352" classname="com.restapi.statuses.EndToEnd"/>
  <testcase name="deleteATweet" time="0.324" classname="com.restapi.statuses.EndToEnd"/>
  <testcase name="readTweets" time="0.35" classname="com.restapi.statuses.UserTimeLineResponseTest"/>
  <testcase name="resposeTweet" time="0.398" classname="com.restapi.statuses.UserTimeLineResponseTest"/>
</testsuite> <!-- RestAssured Test -->
