<?xml version="1.0" encoding="UTF-8"?>
<testng-results skipped="0" failed="0" ignored="0" total="1" passed="1">
  <reporter-output>
  </reporter-output>
  <suite name="usertimeline Suite" duration-ms="1849" started-at="2018-04-20T15:09:23Z" finished-at="2018-04-20T15:09:25Z">
    <groups>
    </groups>
    <test name="RestAssured Test" duration-ms="1849" started-at="2018-04-20T15:09:23Z" finished-at="2018-04-20T15:09:25Z">
      <class name="com.restapi.statuses.UserTimeLineTest">
        <test-method status="PASS" signature="setup()[pri:0, instance:com.restapi.statuses.UserTimeLineTest@1cd072a9]" name="setup" is-config="true" duration-ms="430" started-at="2018-04-20T11:09:23Z" finished-at="2018-04-20T11:09:24Z">
          <reporter-output>
          </reporter-output>
        </test-method> <!-- setup -->
        <test-method status="PASS" signature="readTweets()[pri:0, instance:com.restapi.statuses.UserTimeLineTest@1cd072a9]" name="readTweets" duration-ms="1405" started-at="2018-04-20T11:09:24Z" finished-at="2018-04-20T11:09:25Z">
          <reporter-output>
          </reporter-output>
        </test-method> <!-- readTweets -->
      </class> <!-- com.restapi.statuses.UserTimeLineTest -->
    </test> <!-- RestAssured Test -->
  </suite> <!-- usertimeline Suite -->
</testng-results>
